2019-11-22 10:09:19 +0000  Initial pipeline context: <IDEDistributionProcessingPipelineContext: 0x7fe4e56d85f0; archive(resolved)='<IDEArchive: 0x7fe4e08eda60>', distributionTask(resolved)='2', distributionDestination(resolved)='1', distributionMethod(resolved)='<IDEDistributionMethodAdHoc: 0x7fe4dc23aaa0>', team(resolved)='<IDEProvisioningDisambiguatableBasicTeam: 0x7fe4e1d95c20; teamID='3JTXVLHGW5', teamName='Cass Zhou', teamType='Individual', username='kasszhq@outlook.com', isFreeProvisioningTeam='0'>'>
	Chain (13, self inclusive):
	<IDEDistributionProcessingPipelineContext: 0x7fe4e56d85f0; archive = '<IDEArchive: 0x7fe4e08eda60>', distributionMethod='<IDEDistributionMethodAdHoc: 0x7fe4dc23aaa0>', team='<IDEProvisioningDisambiguatableBasicTeam: 0x7fe4e1d95c20; teamID='3JTXVLHGW5', teamName='Cass Zhou', teamType='Individual', username='kasszhq@outlook.com', isFreeProvisioningTeam='0'>'>
	<IDEDistributionProcessingPipelineContext: 0x7fe4e56a8280; archive = '<IDEArchive: 0x7fe4e08eda60>', distributionMethod='<IDEDistributionMethodAdHoc: 0x7fe4dc23aaa0>', team='<IDEProvisioningDisambiguatableBasicTeam: 0x7fe4e1d95c20; teamID='3JTXVLHGW5', teamName='Cass Zhou', teamType='Individual', username='kasszhq@outlook.com', isFreeProvisioningTeam='0'>'>
	<IDEDistributionContext: 0x7fe4e2316980; archive = '<IDEArchive: 0x7fe4e08eda60>', distributionMethod='<IDEDistributionMethodAdHoc: 0x7fe4dc23aaa0>', team='<IDEProvisioningDisambiguatableBasicTeam: 0x7fe4e1d95c20; teamID='3JTXVLHGW5', teamName='Cass Zhou', teamType='Individual', username='kasszhq@outlook.com', isFreeProvisioningTeam='0'>'>
	<IDEDistributionContext: 0x7fe4e3732cf0; archive = '<IDEArchive: 0x7fe4e08eda60>', distributionMethod='<IDEDistributionMethodAdHoc: 0x7fe4dc23aaa0>', team='<IDEProvisioningDisambiguatableBasicTeam: 0x7fe4e1d95c20; teamID='3JTXVLHGW5', teamName='Cass Zhou', teamType='Individual', username='kasszhq@outlook.com', isFreeProvisioningTeam='0'>'>
	<IDEDistributionContext: 0x7fe4e3691550; archive = '<IDEArchive: 0x7fe4e08eda60>', distributionMethod='<IDEDistributionMethodAdHoc: 0x7fe4dc23aaa0>', team='<IDEProvisioningDisambiguatableBasicTeam: 0x7fe4e1d95c20; teamID='3JTXVLHGW5', teamName='Cass Zhou', teamType='Individual', username='kasszhq@outlook.com', isFreeProvisioningTeam='0'>'>
	<IDEDistributionContext: 0x7fe4c76df510; archive = '<IDEArchive: 0x7fe4e08eda60>', distributionMethod='<IDEDistributionMethodAdHoc: 0x7fe4dc23aaa0>', team='<IDEProvisioningDisambiguatableBasicTeam: 0x7fe4e1d95c20; teamID='3JTXVLHGW5', teamName='Cass Zhou', teamType='Individual', username='kasszhq@outlook.com', isFreeProvisioningTeam='0'>'>
	<IDEDistributionContext: 0x7fe4c8123950; archive = '<IDEArchive: 0x7fe4e08eda60>', distributionMethod='<IDEDistributionMethodAdHoc: 0x7fe4dc23aaa0>', team='<IDEProvisioningDisambiguatableBasicTeam: 0x7fe4e1d95c20; teamID='3JTXVLHGW5', teamName='Cass Zhou', teamType='Individual', username='kasszhq@outlook.com', isFreeProvisioningTeam='0'>'>
	<IDEDistributionContext: 0x7fe4c81812c0; archive = '<IDEArchive: 0x7fe4e08eda60>', distributionMethod='<IDEDistributionMethodAdHoc: 0x7fe4dc23aaa0>', team='<IDEProvisioningDisambiguatableBasicTeam: 0x7fe4e1d95c20; teamID='3JTXVLHGW5', teamName='Cass Zhou', teamType='Individual', username='kasszhq@outlook.com', isFreeProvisioningTeam='0'>'>
	<IDEDistributionContext: 0x7fe4cc1d0df0; archive = '<IDEArchive: 0x7fe4e08eda60>', distributionMethod='<IDEDistributionMethodAdHoc: 0x7fe4dc23aaa0>', team='<IDEProvisioningDisambiguatableBasicTeam: 0x7fe4e1d95c20; teamID='3JTXVLHGW5', teamName='Cass Zhou', teamType='Individual', username='kasszhq@outlook.com', isFreeProvisioningTeam='0'>'>
	<IDEDistributionContext: 0x7fe4e371c610; archive = '<IDEArchive: 0x7fe4e08eda60>', distributionMethod='<IDEDistributionMethodAdHoc: 0x7fe4dc23aaa0>', team='(null)'>
	<IDEDistributionContext: 0x7fe4e37bd430; archive = '<IDEArchive: 0x7fe4e08eda60>', distributionMethod='<IDEDistributionMethodAdHoc: 0x7fe4dc23aaa0>', team='(null)'>
	<IDEDistributionContext: 0x7fe4caf975a0; archive = '<IDEArchive: 0x7fe4e08eda60>', distributionMethod='<IDEDistributionMethodAdHoc: 0x7fe4dc23aaa0>', team='(null)'>
	<IDEDistributionContext: 0x7fe4e37cce90; archive = '<IDEArchive: 0x7fe4e08eda60>', distributionMethod='(null)', team='(null)'>
</IDEDistributionProcessingPipelineContext: 0x7fe4e56d85f0>
2019-11-22 10:09:19 +0000  Processing step: IDEDistributionCreateDestRootStep
2019-11-22 10:09:19 +0000  Processing step: IDEDistributionCopyItemStep
2019-11-22 10:09:19 +0000  Running /usr/bin/ditto '-V' '/Users/fmc/Library/Developer/Xcode/Archives/2019-11-22/StaticSDKDemo 2019-11-22, 6.08 PM.xcarchive/Products/Applications/StaticSDKDemo.app' '/var/folders/73/4rqrc85954zfrsj587bkkp5m0000gn/T/XcodeDistPipeline.~~~QTUNDa/Root/Payload/StaticSDKDemo.app'
2019-11-22 10:09:19 +0000  >>> Copying /Users/fmc/Library/Developer/Xcode/Archives/2019-11-22/StaticSDKDemo 2019-11-22, 6.08 PM.xcarchive/Products/Applications/StaticSDKDemo.app 
2019-11-22 10:09:19 +0000  copying file ./_CodeSignature/CodeResources ... 
2019-11-22 10:09:19 +0000  22207 bytes for ./_CodeSignature/CodeResources
2019-11-22 10:09:19 +0000  copying file ./loading_10.png ... 
2019-11-22 10:09:19 +0000  4452 bytes for ./loading_10.png
copying file ./LaunchImage-1100-Portrait-2436h@3x.png ... 
2019-11-22 10:09:19 +0000  2719497 bytes for ./LaunchImage-1100-Portrait-2436h@3x.png
copying file ./loading_11.png ... 
2019-11-22 10:09:19 +0000  5401 bytes for ./loading_11.png
2019-11-22 10:09:19 +0000  copying file ./loading_13.png ... 
2019-11-22 10:09:19 +0000  5767 bytes for ./loading_13.png
copying file ./AppIcon20x20@2x.png ... 
2019-11-22 10:09:19 +0000  5455 bytes for ./AppIcon20x20@2x.png
copying file ./loading_12.png ... 
2019-11-22 10:09:19 +0000  5434 bytes for ./loading_12.png
2019-11-22 10:09:19 +0000  copying file ./LaunchImage-1200-Landscape-1792h@2x.png ... 
2019-11-22 10:09:19 +0000  1746949 bytes for ./LaunchImage-1200-Landscape-1792h@2x.png
2019-11-22 10:09:19 +0000  copying file ./loading_16.png ... 
2019-11-22 10:09:19 +0000  4914 bytes for ./loading_16.png
copying file ./AppIcon20x20@3x.png ... 
2019-11-22 10:09:19 +0000  12006 bytes for ./AppIcon20x20@3x.png
copying file ./loading_17.png ... 
2019-11-22 10:09:19 +0000  5522 bytes for ./loading_17.png
2019-11-22 10:09:19 +0000  copying file ./loading_29.png ... 
2019-11-22 10:09:19 +0000  5737 bytes for ./loading_29.png
copying file ./loading_15.png ... 
2019-11-22 10:09:19 +0000  5643 bytes for ./loading_15.png
copying file ./StaticSDKDemo ... 
2019-11-22 10:09:19 +0000  1008976 bytes for ./StaticSDKDemo
2019-11-22 10:09:19 +0000  copying file ./AppIcon29x29.png ... 
2019-11-22 10:09:19 +0000  2941 bytes for ./AppIcon29x29.png
copying file ./loading_14.png ... 
2019-11-22 10:09:19 +0000  4646 bytes for ./loading_14.png
copying file ./loading_28.png ... 
2019-11-22 10:09:19 +0000  4681 bytes for ./loading_28.png
copying file ./loading_1.png ... 
2019-11-22 10:09:19 +0000  5535 bytes for ./loading_1.png
copying file ./AppIcon60x60@2x.png ... 
2019-11-22 10:09:19 +0000  45277 bytes for ./AppIcon60x60@2x.png
2019-11-22 10:09:19 +0000  copying file ./loading_0.png ... 
2019-11-22 10:09:19 +0000  5737 bytes for ./loading_0.png
copying file ./AppIcon29x29@2x.png ... 
2019-11-22 10:09:19 +0000  11270 bytes for ./AppIcon29x29@2x.png
copying file ./loading_2.png ... 
2019-11-22 10:09:19 +0000  5344 bytes for ./loading_2.png
2019-11-22 10:09:19 +0000  copying file ./LaunchImage-1100-Landscape-2436h@3x.png ... 
2019-11-22 10:09:19 +0000  2782905 bytes for ./LaunchImage-1100-Landscape-2436h@3x.png
2019-11-22 10:09:19 +0000  copying file ./LaunchImage-800-667h@2x.png ... 
2019-11-22 10:09:19 +0000  1281252 bytes for ./LaunchImage-800-667h@2x.png
copying file ./AppIcon40x40@3x.png ... 
2019-11-22 10:09:19 +0000  45277 bytes for ./AppIcon40x40@3x.png
copying file ./loading_3.png ... 
2019-11-22 10:09:19 +0000  4476 bytes for ./loading_3.png
copying file ./AppIcon29x29~ipad.png ... 
2019-11-22 10:09:19 +0000  2941 bytes for ./AppIcon29x29~ipad.png
copying file ./loading_7.png ... 
2019-11-22 10:09:19 +0000  5650 bytes for ./loading_7.png
copying file ./AppIcon40x40@2x.png ... 
2019-11-22 10:09:19 +0000  20730 bytes for ./AppIcon40x40@2x.png
2019-11-22 10:09:19 +0000  copying file ./loading_6.png ... 
2019-11-22 10:09:19 +0000  5739 bytes for ./loading_6.png
2019-11-22 10:09:19 +0000  copying file ./LaunchImage-1200-Portrait-2688h@3x.png ... 
2019-11-22 10:09:19 +0000  3184953 bytes for ./LaunchImage-1200-Portrait-2688h@3x.png
copying file ./AppIcon29x29@3x.png ... 
2019-11-22 10:09:19 +0000  24323 bytes for ./AppIcon29x29@3x.png
copying file ./loading_4.png ... 
2019-11-22 10:09:19 +0000  5724 bytes for ./loading_4.png
copying file ./AppIcon60x60@3x.png ... 
2019-11-22 10:09:19 +0000  99312 bytes for ./AppIcon60x60@3x.png
2019-11-22 10:09:19 +0000  copying file ./loading_5.png ... 
2019-11-22 10:09:19 +0000  5106 bytes for ./loading_5.png
copying file ./loading_8.png ... 
2019-11-22 10:09:19 +0000  5046 bytes for ./loading_8.png
copying file ./loading_9.png ... 
2019-11-22 10:09:19 +0000  5601 bytes for ./loading_9.png
copying file ./LaunchImage-700-Portrait~ipad.png ... 
2019-11-22 10:09:19 +0000  1109531 bytes for ./LaunchImage-700-Portrait~ipad.png
copying file ./Assets.car ... 
2019-11-22 10:09:19 +0000  8098880 bytes for ./Assets.car
copying file ./AppIcon40x40@2x~ipad.png ... 
2019-11-22 10:09:19 +0000  20730 bytes for ./AppIcon40x40@2x~ipad.png
copying file ./AppIcon76x76@2x~ipad.png ... 
2019-11-22 10:09:19 +0000  71445 bytes for ./AppIcon76x76@2x~ipad.png
copying file ./LaunchImage-800-Portrait-736h@3x.png ... 
2019-11-22 10:09:19 +0000  3298221 bytes for ./LaunchImage-800-Portrait-736h@3x.png
copying file ./LaunchImage-700@2x.png ... 
2019-11-22 10:09:19 +0000  914623 bytes for ./LaunchImage-700@2x.png
copying file ./cs_home_img_bg_low.png ... 
2019-11-22 10:09:19 +0000  329657 bytes for ./cs_home_img_bg_low.png
copying file ./AppIcon83.5x83.5@2x~ipad.png ... 
2019-11-22 10:09:19 +0000  85805 bytes for ./AppIcon83.5x83.5@2x~ipad.png
2019-11-22 10:09:19 +0000  copying file ./LaunchImage-700-568h@2x.png ... 
2019-11-22 10:09:19 +0000  983515 bytes for ./LaunchImage-700-568h@2x.png
2019-11-22 10:09:19 +0000  copying file ./LaunchImage-1200-Portrait-1792h@2x.png ... 
2019-11-22 10:09:19 +0000  1701242 bytes for ./LaunchImage-1200-Portrait-1792h@2x.png
copying file ./loading_25.png ... 
2019-11-22 10:09:19 +0000  5461 bytes for ./loading_25.png
copying file ./loading_19.png ... 
2019-11-22 10:09:19 +0000  5194 bytes for ./loading_19.png
copying file ./AppIcon29x29@2x~ipad.png ... 
2019-11-22 10:09:19 +0000  11270 bytes for ./AppIcon29x29@2x~ipad.png
copying file ./loading_18.png ... 
2019-11-22 10:09:19 +0000  5693 bytes for ./loading_18.png
copying file ./loading_24.png ... 
2019-11-22 10:09:19 +0000  5597 bytes for ./loading_24.png
2019-11-22 10:09:19 +0000  copying file ./LaunchImage-700-Landscape@2x~ipad.png ... 
2019-11-22 10:09:19 +0000  3341287 bytes for ./LaunchImage-700-Landscape@2x~ipad.png
copying file ./loading_26.png ... 
2019-11-22 10:09:19 +0000  4962 bytes for ./loading_26.png
copying file ./AppIcon40x40~ipad.png ... 
2019-11-22 10:09:19 +0000  5455 bytes for ./AppIcon40x40~ipad.png
copying file ./AppIcon20x20~ipad.png ... 
2019-11-22 10:09:19 +0000  1526 bytes for ./AppIcon20x20~ipad.png
copying file ./cs_home_navbg.png ... 
2019-11-22 10:09:19 +0000  115275 bytes for ./cs_home_navbg.png
2019-11-22 10:09:19 +0000  copying file ./loading_27.png ... 
2019-11-22 10:09:19 +0000  5547 bytes for ./loading_27.png
copying file ./embedded.mobileprovision ... 
2019-11-22 10:09:19 +0000  9945 bytes for ./embedded.mobileprovision
2019-11-22 10:09:19 +0000  copying file ./loading_23.png ... 
2019-11-22 10:09:19 +0000  5050 bytes for ./loading_23.png
2019-11-22 10:09:19 +0000  copying file ./LaunchImage-800-Landscape-736h@3x.png ... 
2019-11-22 10:09:19 +0000  2914041 bytes for ./LaunchImage-800-Landscape-736h@3x.png
copying file ./LaunchImage-700-Portrait@2x~ipad.png ... 
2019-11-22 10:09:19 +0000  3562222 bytes for ./LaunchImage-700-Portrait@2x~ipad.png
copying file ./LaunchImage-700-Landscape~ipad.png ... 
2019-11-22 10:09:19 +0000  1107894 bytes for ./LaunchImage-700-Landscape~ipad.png
copying file ./loading_22.png ... 
2019-11-22 10:09:19 +0000  5525 bytes for ./loading_22.png
copying file ./AppIcon20x20@2x~ipad.png ... 
2019-11-22 10:09:19 +0000  5455 bytes for ./AppIcon20x20@2x~ipad.png
copying file ./Info.plist ... 
2019-11-22 10:09:19 +0000  2195 bytes for ./Info.plist
2019-11-22 10:09:19 +0000  copying file ./loading_20.png ... 
2019-11-22 10:09:19 +0000  5572 bytes for ./loading_20.png
copying file ./LaunchImage-1200-Landscape-2688h@3x.png ... 
2019-11-22 10:09:19 +0000  3228230 bytes for ./LaunchImage-1200-Landscape-2688h@3x.png
copying file ./empty_line.png ... 
2019-11-22 10:09:19 +0000  718 bytes for ./empty_line.png
copying file ./PkgInfo ... 
2019-11-22 10:09:19 +0000  8 bytes for ./PkgInfo
2019-11-22 10:09:19 +0000  copying file ./AppIcon76x76~ipad.png ... 
2019-11-22 10:09:19 +0000  18775 bytes for ./AppIcon76x76~ipad.png
copying file ./loading_21.png ... 
2019-11-22 10:09:19 +0000  3976 bytes for ./loading_21.png
2019-11-22 10:09:19 +0000  /usr/bin/ditto exited with 0
2019-11-22 10:09:19 +0000  Processing step: IDEDistributionEmbedProfileStep
2019-11-22 10:09:19 +0000  Processing step: IDEDistributionAppThinningPlistStep
2019-11-22 10:09:19 +0000  Skipping step: IDEDistributionAppThinningPlistStep because it said so
2019-11-22 10:09:19 +0000  Processing step: IDEDistributionCompileBitcodeStep
2019-11-22 10:09:19 +0000  Skipping step: IDEDistributionCompileBitcodeStep because it said so
2019-11-22 10:09:19 +0000  Processing step: IDEDistributionCodeSlimmingStep
2019-11-22 10:09:19 +0000  Processing step: IDEDistributionCopyBCSymbolMapsStep
2019-11-22 10:09:19 +0000  Skipping step: IDEDistributionCopyBCSymbolMapsStep because it said so
2019-11-22 10:09:19 +0000  Processing step: IDEDistributionSymbolsStep
2019-11-22 10:09:19 +0000  Skipping step: IDEDistributionSymbolsStep because it said so
2019-11-22 10:09:19 +0000  Processing step: IDEDistributionAppThinningStep
2019-11-22 10:09:19 +0000  Skipping step: IDEDistributionAppThinningStep because it said so
2019-11-22 10:09:19 +0000  Processing step: IDEDistributionArchThinningStep
2019-11-22 10:09:19 +0000  Running /Applications/Xcode.app/Contents/Developer/Toolchains/XcodeDefault.xctoolchain/usr/bin/lipo '/var/folders/73/4rqrc85954zfrsj587bkkp5m0000gn/T/XcodeDistPipeline.~~~QTUNDa/Root/Payload/StaticSDKDemo.app/StaticSDKDemo' '-verify_arch' 'arm64e'
2019-11-22 10:09:19 +0000  /Applications/Xcode.app/Contents/Developer/Toolchains/XcodeDefault.xctoolchain/usr/bin/lipo exited with 1
2019-11-22 10:09:19 +0000  Skipping architecture thinning for item "StaticSDKDemo" because arch "arm64e" wasn't found
2019-11-22 10:09:19 +0000  Processing step: IDEDistributionODRStep
2019-11-22 10:09:19 +0000  Processing step: IDEDistributionStripXattrsStep
2019-11-22 10:09:19 +0000  Running /usr/bin/xattr '-crs' '/var/folders/73/4rqrc85954zfrsj587bkkp5m0000gn/T/XcodeDistPipeline.~~~QTUNDa/Root/Payload/StaticSDKDemo.app'
2019-11-22 10:09:19 +0000  /usr/bin/xattr exited with 0
2019-11-22 10:09:19 +0000  Processing step: IDEDistributionCodesignStep
2019-11-22 10:09:19 +0000  Entitlements for <IDEDistributionItem: 0x7fe4cae46410; bundleID='com.cfy.app', path='<DVTFilePath:0x7fe4e1ba5750:'/Users/fmc/Library/Developer/Xcode/Archives/2019-11-22/StaticSDKDemo 2019-11-22, 6.08 PM.xcarchive/Products/Applications/StaticSDKDemo.app'>', codeSigningInfo='<_DVTCodeSigningInformation_Path: 0x7fe4cdb07600; isSigned='1', isAdHocSigned='0', signingCertificate='<DVTSigningCertificate: 0x7fe4d9250890; name='Apple Development: Cass Zhou (PR76VUQFG4)', hash='D4CEAC59B7D0B40160A8E54D349196D7A178AC15', serialNumber='277D6153FA66C7F5', certificateKinds='(
    "1.2.840.113635.100.6.1.12",
    "1.2.840.113635.100.6.1.2"
), issueDate='2019-11-22 09:30:29 +0000''>', entitlements='{
    "application-identifier" = "3JTXVLHGW5.com.cfy.app";
    "com.apple.developer.team-identifier" = 3JTXVLHGW5;
    "get-task-allow" = 1;
    "keychain-access-groups" =     (
        "3JTXVLHGW5.com.cfy.app"
    );
}', teamID='3JTXVLHGW5', identifier='com.cfy.app', executablePath='<DVTFilePath:0x7fe4e531c390:'/Users/fmc/Library/Developer/Xcode/Archives/2019-11-22/StaticSDKDemo 2019-11-22, 6.08 PM.xcarchive/Products/Applications/StaticSDKDemo.app/StaticSDKDemo'>', hardenedRuntime='0'>'>: {
    "application-identifier" = "3JTXVLHGW5.com.cfy.app";
    "com.apple.developer.team-identifier" = 3JTXVLHGW5;
    "get-task-allow" = 0;
    "keychain-access-groups" =     (
        "3JTXVLHGW5.com.cfy.app"
    );
}
2019-11-22 10:09:19 +0000  Writing entitlements for <IDEDistributionItem: 0x7fe4cae46410; bundleID='com.cfy.app', path='<DVTFilePath:0x7fe4e1ba5750:'/Users/fmc/Library/Developer/Xcode/Archives/2019-11-22/StaticSDKDemo 2019-11-22, 6.08 PM.xcarchive/Products/Applications/StaticSDKDemo.app'>', codeSigningInfo='<_DVTCodeSigningInformation_Path: 0x7fe4cdb07600; isSigned='1', isAdHocSigned='0', signingCertificate='<DVTSigningCertificate: 0x7fe4df682560; name='Apple Development: Cass Zhou (PR76VUQFG4)', hash='D4CEAC59B7D0B40160A8E54D349196D7A178AC15', serialNumber='277D6153FA66C7F5', certificateKinds='(
    "1.2.840.113635.100.6.1.12",
    "1.2.840.113635.100.6.1.2"
), issueDate='2019-11-22 09:30:29 +0000''>', entitlements='{
    "application-identifier" = "3JTXVLHGW5.com.cfy.app";
    "com.apple.developer.team-identifier" = 3JTXVLHGW5;
    "get-task-allow" = 1;
    "keychain-access-groups" =     (
        "3JTXVLHGW5.com.cfy.app"
    );
}', teamID='3JTXVLHGW5', identifier='com.cfy.app', executablePath='<DVTFilePath:0x7fe4e531c390:'/Users/fmc/Library/Developer/Xcode/Archives/2019-11-22/StaticSDKDemo 2019-11-22, 6.08 PM.xcarchive/Products/Applications/StaticSDKDemo.app/StaticSDKDemo'>', hardenedRuntime='0'>'> to: /var/folders/73/4rqrc85954zfrsj587bkkp5m0000gn/T/XcodeDistPipeline.~~~QTUNDa/entitlements~~~Uz0mi4
2019-11-22 10:09:19 +0000  Running /usr/bin/codesign '-vvv' '--force' '--sign' '9A35A719BF7A59E8B19E420A03873A06986BFEE6' '--entitlements' '/var/folders/73/4rqrc85954zfrsj587bkkp5m0000gn/T/XcodeDistPipeline.~~~QTUNDa/entitlements~~~Uz0mi4' '--preserve-metadata=identifier,flags,runtime' '/var/folders/73/4rqrc85954zfrsj587bkkp5m0000gn/T/XcodeDistPipeline.~~~QTUNDa/Root/Payload/StaticSDKDemo.app'
2019-11-22 10:09:19 +0000  /var/folders/73/4rqrc85954zfrsj587bkkp5m0000gn/T/XcodeDistPipeline.~~~QTUNDa/Root/Payload/StaticSDKDemo.app: replacing existing signature
2019-11-22 10:09:20 +0000  /var/folders/73/4rqrc85954zfrsj587bkkp5m0000gn/T/XcodeDistPipeline.~~~QTUNDa/Root/Payload/StaticSDKDemo.app: signed app bundle with Mach-O universal (armv7 arm64) [com.cfy.app]
2019-11-22 10:09:20 +0000  /usr/bin/codesign exited with 0
2019-11-22 10:09:20 +0000  Processing step: IDEDistributionZipODRItemStep
2019-11-22 10:09:20 +0000  Skipping step: IDEDistributionZipODRItemStep because it said so
2019-11-22 10:09:20 +0000  Processing step: IDEDistributionCreateIPAStep
2019-11-22 10:09:20 +0000  Running /usr/bin/ditto '-V' '-c' '-k' '--norsrc' '/var/folders/73/4rqrc85954zfrsj587bkkp5m0000gn/T/XcodeDistPipeline.~~~QTUNDa/Root' '/var/folders/73/4rqrc85954zfrsj587bkkp5m0000gn/T/XcodeDistPipeline.~~~QTUNDa/Packages/StaticSDKDemo.ipa'
2019-11-22 10:09:20 +0000  >>> Copying /var/folders/73/4rqrc85954zfrsj587bkkp5m0000gn/T/XcodeDistPipeline.~~~QTUNDa/Root 
2019-11-22 10:09:20 +0000  copying file ./Payload/StaticSDKDemo.app/_CodeSignature/CodeResources ... 
2019-11-22 10:09:20 +0000  22207 bytes for ./Payload/StaticSDKDemo.app/_CodeSignature/CodeResources
2019-11-22 10:09:20 +0000  copying file ./Payload/StaticSDKDemo.app/loading_10.png ... 
4452 bytes for ./Payload/StaticSDKDemo.app/loading_10.png
copying file ./Payload/StaticSDKDemo.app/LaunchImage-1100-Portrait-2436h@3x.png ... 
2019-11-22 10:09:20 +0000  2719497 bytes for ./Payload/StaticSDKDemo.app/LaunchImage-1100-Portrait-2436h@3x.png
copying file ./Payload/StaticSDKDemo.app/loading_11.png ... 
2019-11-22 10:09:20 +0000  5401 bytes for ./Payload/StaticSDKDemo.app/loading_11.png
copying file ./Payload/StaticSDKDemo.app/loading_13.png ... 
5767 bytes for ./Payload/StaticSDKDemo.app/loading_13.png
copying file ./Payload/StaticSDKDemo.app/AppIcon20x20@2x.png ... 
5455 bytes for ./Payload/StaticSDKDemo.app/AppIcon20x20@2x.png
copying file ./Payload/StaticSDKDemo.app/loading_12.png ... 
2019-11-22 10:09:20 +0000  5434 bytes for ./Payload/StaticSDKDemo.app/loading_12.png
copying file ./Payload/StaticSDKDemo.app/LaunchImage-1200-Landscape-1792h@2x.png ... 
2019-11-22 10:09:20 +0000  1746949 bytes for ./Payload/StaticSDKDemo.app/LaunchImage-1200-Landscape-1792h@2x.png
copying file ./Payload/StaticSDKDemo.app/loading_16.png ... 
2019-11-22 10:09:20 +0000  4914 bytes for ./Payload/StaticSDKDemo.app/loading_16.png
copying file ./Payload/StaticSDKDemo.app/AppIcon20x20@3x.png ... 
12006 bytes for ./Payload/StaticSDKDemo.app/AppIcon20x20@3x.png
copying file ./Payload/StaticSDKDemo.app/loading_17.png ... 
5522 bytes for ./Payload/StaticSDKDemo.app/loading_17.png
copying file ./Payload/StaticSDKDemo.app/loading_29.png ... 
2019-11-22 10:09:20 +0000  5737 bytes for ./Payload/StaticSDKDemo.app/loading_29.png
copying file ./Payload/StaticSDKDemo.app/loading_15.png ... 
5643 bytes for ./Payload/StaticSDKDemo.app/loading_15.png
copying file ./Payload/StaticSDKDemo.app/StaticSDKDemo ... 
2019-11-22 10:09:20 +0000  1008976 bytes for ./Payload/StaticSDKDemo.app/StaticSDKDemo
copying file ./Payload/StaticSDKDemo.app/AppIcon29x29.png ... 
2019-11-22 10:09:20 +0000  2941 bytes for ./Payload/StaticSDKDemo.app/AppIcon29x29.png
copying file ./Payload/StaticSDKDemo.app/loading_14.png ... 
4646 bytes for ./Payload/StaticSDKDemo.app/loading_14.png
copying file ./Payload/StaticSDKDemo.app/loading_28.png ... 
4681 bytes for ./Payload/StaticSDKDemo.app/loading_28.png
copying file ./Payload/StaticSDKDemo.app/loading_1.png ... 
2019-11-22 10:09:20 +0000  5535 bytes for ./Payload/StaticSDKDemo.app/loading_1.png
copying file ./Payload/StaticSDKDemo.app/AppIcon60x60@2x.png ... 
2019-11-22 10:09:20 +0000  45277 bytes for ./Payload/StaticSDKDemo.app/AppIcon60x60@2x.png
copying file ./Payload/StaticSDKDemo.app/loading_0.png ... 
2019-11-22 10:09:20 +0000  5737 bytes for ./Payload/StaticSDKDemo.app/loading_0.png
copying file ./Payload/StaticSDKDemo.app/AppIcon29x29@2x.png ... 
2019-11-22 10:09:20 +0000  11270 bytes for ./Payload/StaticSDKDemo.app/AppIcon29x29@2x.png
copying file ./Payload/StaticSDKDemo.app/loading_2.png ... 
2019-11-22 10:09:20 +0000  5344 bytes for ./Payload/StaticSDKDemo.app/loading_2.png
copying file ./Payload/StaticSDKDemo.app/LaunchImage-1100-Landscape-2436h@3x.png ... 
2019-11-22 10:09:20 +0000  2782905 bytes for ./Payload/StaticSDKDemo.app/LaunchImage-1100-Landscape-2436h@3x.png
copying file ./Payload/StaticSDKDemo.app/LaunchImage-800-667h@2x.png ... 
2019-11-22 10:09:20 +0000  1281252 bytes for ./Payload/StaticSDKDemo.app/LaunchImage-800-667h@2x.png
copying file ./Payload/StaticSDKDemo.app/AppIcon40x40@3x.png ... 
2019-11-22 10:09:20 +0000  45277 bytes for ./Payload/StaticSDKDemo.app/AppIcon40x40@3x.png
copying file ./Payload/StaticSDKDemo.app/loading_3.png ... 
2019-11-22 10:09:20 +0000  4476 bytes for ./Payload/StaticSDKDemo.app/loading_3.png
copying file ./Payload/StaticSDKDemo.app/AppIcon29x29~ipad.png ... 
2941 bytes for ./Payload/StaticSDKDemo.app/AppIcon29x29~ipad.png
copying file ./Payload/StaticSDKDemo.app/loading_7.png ... 
2019-11-22 10:09:20 +0000  5650 bytes for ./Payload/StaticSDKDemo.app/loading_7.png
copying file ./Payload/StaticSDKDemo.app/AppIcon40x40@2x.png ... 
2019-11-22 10:09:20 +0000  20730 bytes for ./Payload/StaticSDKDemo.app/AppIcon40x40@2x.png
copying file ./Payload/StaticSDKDemo.app/loading_6.png ... 
2019-11-22 10:09:20 +0000  5739 bytes for ./Payload/StaticSDKDemo.app/loading_6.png
copying file ./Payload/StaticSDKDemo.app/LaunchImage-1200-Portrait-2688h@3x.png ... 
2019-11-22 10:09:20 +0000  3184953 bytes for ./Payload/StaticSDKDemo.app/LaunchImage-1200-Portrait-2688h@3x.png
copying file ./Payload/StaticSDKDemo.app/AppIcon29x29@3x.png ... 
2019-11-22 10:09:20 +0000  24323 bytes for ./Payload/StaticSDKDemo.app/AppIcon29x29@3x.png
copying file ./Payload/StaticSDKDemo.app/loading_4.png ... 
2019-11-22 10:09:20 +0000  5724 bytes for ./Payload/StaticSDKDemo.app/loading_4.png
copying file ./Payload/StaticSDKDemo.app/AppIcon60x60@3x.png ... 
2019-11-22 10:09:20 +0000  99312 bytes for ./Payload/StaticSDKDemo.app/AppIcon60x60@3x.png
copying file ./Payload/StaticSDKDemo.app/loading_5.png ... 
2019-11-22 10:09:20 +0000  5106 bytes for ./Payload/StaticSDKDemo.app/loading_5.png
copying file ./Payload/StaticSDKDemo.app/loading_8.png ... 
5046 bytes for ./Payload/StaticSDKDemo.app/loading_8.png
copying file ./Payload/StaticSDKDemo.app/loading_9.png ... 
2019-11-22 10:09:20 +0000  5601 bytes for ./Payload/StaticSDKDemo.app/loading_9.png
copying file ./Payload/StaticSDKDemo.app/LaunchImage-700-Portrait~ipad.png ... 
2019-11-22 10:09:20 +0000  1109531 bytes for ./Payload/StaticSDKDemo.app/LaunchImage-700-Portrait~ipad.png
copying file ./Payload/StaticSDKDemo.app/Assets.car ... 
2019-11-22 10:09:20 +0000  8098880 bytes for ./Payload/StaticSDKDemo.app/Assets.car
copying file ./Payload/StaticSDKDemo.app/AppIcon40x40@2x~ipad.png ... 
2019-11-22 10:09:20 +0000  20730 bytes for ./Payload/StaticSDKDemo.app/AppIcon40x40@2x~ipad.png
copying file ./Payload/StaticSDKDemo.app/AppIcon76x76@2x~ipad.png ... 
2019-11-22 10:09:20 +0000  71445 bytes for ./Payload/StaticSDKDemo.app/AppIcon76x76@2x~ipad.png
copying file ./Payload/StaticSDKDemo.app/LaunchImage-800-Portrait-736h@3x.png ... 
2019-11-22 10:09:21 +0000  3298221 bytes for ./Payload/StaticSDKDemo.app/LaunchImage-800-Portrait-736h@3x.png
copying file ./Payload/StaticSDKDemo.app/LaunchImage-700@2x.png ... 
2019-11-22 10:09:21 +0000  914623 bytes for ./Payload/StaticSDKDemo.app/LaunchImage-700@2x.png
copying file ./Payload/StaticSDKDemo.app/cs_home_img_bg_low.png ... 
2019-11-22 10:09:21 +0000  329657 bytes for ./Payload/StaticSDKDemo.app/cs_home_img_bg_low.png
2019-11-22 10:09:21 +0000  copying file ./Payload/StaticSDKDemo.app/AppIcon83.5x83.5@2x~ipad.png ... 
2019-11-22 10:09:21 +0000  85805 bytes for ./Payload/StaticSDKDemo.app/AppIcon83.5x83.5@2x~ipad.png
copying file ./Payload/StaticSDKDemo.app/LaunchImage-700-568h@2x.png ... 
2019-11-22 10:09:21 +0000  983515 bytes for ./Payload/StaticSDKDemo.app/LaunchImage-700-568h@2x.png
copying file ./Payload/StaticSDKDemo.app/LaunchImage-1200-Portrait-1792h@2x.png ... 
2019-11-22 10:09:21 +0000  1701242 bytes for ./Payload/StaticSDKDemo.app/LaunchImage-1200-Portrait-1792h@2x.png
copying file ./Payload/StaticSDKDemo.app/loading_25.png ... 
2019-11-22 10:09:21 +0000  5461 bytes for ./Payload/StaticSDKDemo.app/loading_25.png
copying file ./Payload/StaticSDKDemo.app/loading_19.png ... 
5194 bytes for ./Payload/StaticSDKDemo.app/loading_19.png
copying file ./Payload/StaticSDKDemo.app/AppIcon29x29@2x~ipad.png ... 
2019-11-22 10:09:21 +0000  11270 bytes for ./Payload/StaticSDKDemo.app/AppIcon29x29@2x~ipad.png
copying file ./Payload/StaticSDKDemo.app/loading_18.png ... 
5693 bytes for ./Payload/StaticSDKDemo.app/loading_18.png
copying file ./Payload/StaticSDKDemo.app/loading_24.png ... 
2019-11-22 10:09:21 +0000  5597 bytes for ./Payload/StaticSDKDemo.app/loading_24.png
copying file ./Payload/StaticSDKDemo.app/LaunchImage-700-Landscape@2x~ipad.png ... 
2019-11-22 10:09:21 +0000  3341287 bytes for ./Payload/StaticSDKDemo.app/LaunchImage-700-Landscape@2x~ipad.png
copying file ./Payload/StaticSDKDemo.app/loading_26.png ... 
2019-11-22 10:09:21 +0000  4962 bytes for ./Payload/StaticSDKDemo.app/loading_26.png
copying file ./Payload/StaticSDKDemo.app/AppIcon40x40~ipad.png ... 
5455 bytes for ./Payload/StaticSDKDemo.app/AppIcon40x40~ipad.png
copying file ./Payload/StaticSDKDemo.app/AppIcon20x20~ipad.png ... 
1526 bytes for ./Payload/StaticSDKDemo.app/AppIcon20x20~ipad.png
copying file ./Payload/StaticSDKDemo.app/cs_home_navbg.png ... 
2019-11-22 10:09:21 +0000  115275 bytes for ./Payload/StaticSDKDemo.app/cs_home_navbg.png
copying file ./Payload/StaticSDKDemo.app/loading_27.png ... 
2019-11-22 10:09:21 +0000  5547 bytes for ./Payload/StaticSDKDemo.app/loading_27.png
copying file ./Payload/StaticSDKDemo.app/embedded.mobileprovision ... 
8005 bytes for ./Payload/StaticSDKDemo.app/embedded.mobileprovision
copying file ./Payload/StaticSDKDemo.app/loading_23.png ... 
5050 bytes for ./Payload/StaticSDKDemo.app/loading_23.png
copying file ./Payload/StaticSDKDemo.app/LaunchImage-800-Landscape-736h@3x.png ... 
2019-11-22 10:09:21 +0000  2914041 bytes for ./Payload/StaticSDKDemo.app/LaunchImage-800-Landscape-736h@3x.png
copying file ./Payload/StaticSDKDemo.app/LaunchImage-700-Portrait@2x~ipad.png ... 
2019-11-22 10:09:21 +0000  3562222 bytes for ./Payload/StaticSDKDemo.app/LaunchImage-700-Portrait@2x~ipad.png
copying file ./Payload/StaticSDKDemo.app/LaunchImage-700-Landscape~ipad.png ... 
2019-11-22 10:09:21 +0000  1107894 bytes for ./Payload/StaticSDKDemo.app/LaunchImage-700-Landscape~ipad.png
copying file ./Payload/StaticSDKDemo.app/loading_22.png ... 
2019-11-22 10:09:21 +0000  5525 bytes for ./Payload/StaticSDKDemo.app/loading_22.png
copying file ./Payload/StaticSDKDemo.app/AppIcon20x20@2x~ipad.png ... 
5455 bytes for ./Payload/StaticSDKDemo.app/AppIcon20x20@2x~ipad.png
copying file ./Payload/StaticSDKDemo.app/Info.plist ... 
2195 bytes for ./Payload/StaticSDKDemo.app/Info.plist
copying file ./Payload/StaticSDKDemo.app/loading_20.png ... 
2019-11-22 10:09:21 +0000  5572 bytes for ./Payload/StaticSDKDemo.app/loading_20.png
copying file ./Payload/StaticSDKDemo.app/LaunchImage-1200-Landscape-2688h@3x.png ... 
2019-11-22 10:09:21 +0000  3228230 bytes for ./Payload/StaticSDKDemo.app/LaunchImage-1200-Landscape-2688h@3x.png
copying file ./Payload/StaticSDKDemo.app/empty_line.png ... 
2019-11-22 10:09:21 +0000  718 bytes for ./Payload/StaticSDKDemo.app/empty_line.png
copying file ./Payload/StaticSDKDemo.app/PkgInfo ... 
8 bytes for ./Payload/StaticSDKDemo.app/PkgInfo
copying file ./Payload/StaticSDKDemo.app/AppIcon76x76~ipad.png ... 
18775 bytes for ./Payload/StaticSDKDemo.app/AppIcon76x76~ipad.png
2019-11-22 10:09:21 +0000  copying file ./Payload/StaticSDKDemo.app/loading_21.png ... 
3976 bytes for ./Payload/StaticSDKDemo.app/loading_21.png
2019-11-22 10:09:21 +0000  /usr/bin/ditto exited with 0
2019-11-22 10:09:21 +0000  Processing step: IDEDistributionAppStoreInformationStep
2019-11-22 10:09:21 +0000  Skipping step: IDEDistributionAppStoreInformationStep because it said so
2019-11-22 10:09:21 +0000  Processing step: IDEDistributionGenerateProcessedDistributionItems
2019-11-22 10:09:21 +0000  Processing step: IDEDistributionCreateManifestStep
